Using pre-set license
Built from '2020.3/release' branch; Version is '2020.3.1f1 (77a89f25062f) revision 7841951'; Using compiler version '192528614'; Build Type 'Release'
OS: 'Windows 10 Pro; OS build 19042.867; Version 2009; 64bit' Language: 'ru' Physical Memory: 24428 MB
BatchMode: 1, IsHumanControllingUs: 0, StartBugReporterOnCrash: 0, Is64bit: 1, IsPro: 0

 COMMAND LINE ARGUMENTS:
D:\UNITYEDITORS\2020.3.1f1\Editor\Unity.exe
-adb2
-batchMode
-noUpm
-name
AssetImportWorker0
-projectPath
D:/YOUTUBE/YoutubeProject
-logFile
Logs/AssetImportWorker0.log
-srvPort
56974
Successfully changed project path to: D:/YOUTUBE/YoutubeProject
D:/YOUTUBE/YoutubeProject
Using Asset Import Pipeline V2.
Refreshing native plugins compatible for Editor in 38.67 ms, found 1 plugins.
Preloading 0 native plugins for Editor in 0.00 ms.
Initialize engine version: 2020.3.1f1 (77a89f25062f)
[Subsystems] Discovering subsystems at path D:/UNITYEDITORS/2020.3.1f1/Editor/Data/Resources/UnitySubsystems
[Subsystems] Discovering subsystems at path D:/YOUTUBE/YoutubeProject/Assets
GfxDevice: creating device client; threaded=0
Direct3D:
    Version:  Direct3D 11.0 [level 11.1]
    Renderer: NVIDIA GeForce GTX 1060 (ID=0x1c20)
    Vendor:   
    VRAM:     6052 MB
    Driver:   27.21.14.5167
Initialize mono
Mono path[0] = 'D:/UNITYEDITORS/2020.3.1f1/Editor/Data/Managed'
Mono path[1] = 'D:/UNITYEDITORS/2020.3.1f1/Editor/Data/MonoBleedingEdge/lib/mono/unityjit'
Mono config path = 'D:/UNITYEDITORS/2020.3.1f1/Editor/Data/MonoBleedingEdge/etc'
Using monoOptions --debugger-agent=transport=dt_socket,embedding=1,server=y,suspend=n,address=127.0.0.1:56868
Begin MonoManager ReloadAssembly
Registering precompiled unity dll's ...
Register platform support module: D:/UNITYEDITORS/2020.3.1f1/Editor/Data/PlaybackEngines/WindowsStandaloneSupport/UnityEditor.WindowsStandalone.Extensions.dll
Registered in 0.000983 seconds.
Native extension for WindowsStandalone target not found
Refreshing native plugins compatible for Editor in 44.06 ms, found 1 plugins.
Preloading 0 native plugins for Editor in 0.00 ms.
Invoked RoslynAnalysisRunner static constructor.
RoslynAnalysisRunner will not be running.
RoslynAnalysisRunner has terminated.
Mono: successfully reloaded assembly
- Completed reload, in  1.829 seconds
Platform modules already initialized, skipping
Registering precompiled user dll's ...
Registered in 0.000811 seconds.
Begin MonoManager ReloadAssembly
Native extension for WindowsStandalone target not found
Refreshing native plugins compatible for Editor in 35.33 ms, found 1 plugins.
Preloading 0 native plugins for Editor in 0.00 ms.
Invoked RoslynAnalysisRunner static constructor.
RoslynAnalysisRunner will not be running.
RoslynAnalysisRunner has terminated.
Mono: successfully reloaded assembly
- Completed reload, in  0.999 seconds
Platform modules already initialized, skipping
========================================================================
Worker process is ready to serve import requests
Launched and connected shader compiler UnityShaderCompiler.exe after 0.04 seconds
Refreshing native plugins compatible for Editor in 0.33 ms, found 1 plugins.
Preloading 0 native plugins for Editor in 0.00 ms.
Unloading 1807 Unused Serialized files (Serialized files now loaded: 0)
System memory in use before: 84.5 MB.
System memory in use after: 84.5 MB.

Unloading 24 unused Assets to reduce memory usage. Loaded Objects now: 2248.
Total: 2.907800 ms (FindLiveObjects: 0.311600 ms CreateObjectMapping: 0.129300 ms MarkObjects: 2.347600 ms  DeleteObjects: 0.118300 ms)

========================================================================
Received Import Request.
  path: Assets
  artifactKey: Guid(00000000000000001000000000000000) Importer(815301076,1909f56bfc062723c751e8b465ee728b)
Start importing Assets using Guid(00000000000000001000000000000000) Importer(815301076,1909f56bfc062723c751e8b465ee728b)  -> (artifact id: 'a6374019befeac6ce670f13ba9960efb') in 0.008137 seconds
  Import took 0.010807 seconds .

========================================================================
Received Import Request.
  Time since last request: 1.507464 seconds.
  path: Assets/Sprites
  artifactKey: Guid(42cd331a9f5be7f4c84c63aa893e877a) Importer(815301076,1909f56bfc062723c751e8b465ee728b)
Start importing Assets/Sprites using Guid(42cd331a9f5be7f4c84c63aa893e877a) Importer(815301076,1909f56bfc062723c751e8b465ee728b)  -> (artifact id: 'c1be6f0a4a85493f86f5f7874f53c284') in 0.007958 seconds
  Import took 0.011159 seconds .

========================================================================
Received Import Request.
  Time since last request: 6.547173 seconds.
  path: Assets/Sprites/Characters
  artifactKey: Guid(50f8b410ec83d2749be8225c0e5f2820) Importer(815301076,1909f56bfc062723c751e8b465ee728b)
Start importing Assets/Sprites/Characters using Guid(50f8b410ec83d2749be8225c0e5f2820) Importer(815301076,1909f56bfc062723c751e8b465ee728b)  -> (artifact id: '92794cb0141dd21dd8c4cb76347f5c60') in 0.009475 seconds
  Import took 0.013914 seconds .

========================================================================
Received Import Request.
  Time since last request: 5.770951 seconds.
  path: Assets/Sprites/Weapons
  artifactKey: Guid(17a5c03fff5b3a6499806aad0bb18e03) Importer(815301076,1909f56bfc062723c751e8b465ee728b)
Start importing Assets/Sprites/Weapons using Guid(17a5c03fff5b3a6499806aad0bb18e03) Importer(815301076,1909f56bfc062723c751e8b465ee728b)  -> (artifact id: '1ab92b2c15d5d1464d59fb41112f14a7') in 0.008499 seconds
  Import took 0.013193 seconds .

========================================================================
Received Import Request.
  Time since last request: 6.143213 seconds.
  path: Assets/Sprites/Armors
  artifactKey: Guid(21fc18d5db0a11d4e8ef4b8ac43ec7e4) Importer(815301076,1909f56bfc062723c751e8b465ee728b)
Start importing Assets/Sprites/Armors using Guid(21fc18d5db0a11d4e8ef4b8ac43ec7e4) Importer(815301076,1909f56bfc062723c751e8b465ee728b)  -> (artifact id: '756a53abded45c02a1af8bca4a047836') in 0.008363 seconds
  Import took 0.011619 seconds .

========================================================================
Received Import Request.
  Time since last request: 43.558394 seconds.
  path: Assets/Sprites/Characters/spr character.png
  artifactKey: Guid(af309ace3464dbf429c7ec715aeaf2eb) Importer(815301076,1909f56bfc062723c751e8b465ee728b)
Start importing Assets/Sprites/Characters/spr character.png using Guid(af309ace3464dbf429c7ec715aeaf2eb) Importer(815301076,1909f56bfc062723c751e8b465ee728b)  -> (artifact id: '804e75876ee0d143bd7c4c8d7cdaadf2') in 0.140318 seconds
  Import took 0.143551 seconds .

========================================================================
Received Import Request.
  Time since last request: 10.999844 seconds.
  path: Assets/Sprites/Characters/spr character.png
  artifactKey: Guid(af309ace3464dbf429c7ec715aeaf2eb) Importer(815301076,1909f56bfc062723c751e8b465ee728b)
Start importing Assets/Sprites/Characters/spr character.png using Guid(af309ace3464dbf429c7ec715aeaf2eb) Importer(815301076,1909f56bfc062723c751e8b465ee728b)  -> (artifact id: '82fc99e49b881f115a9532b033cf564c') in 0.023271 seconds
  Import took 0.026570 seconds .

========================================================================
Received Import Request.
  Time since last request: 186.319679 seconds.
  path: Assets/Sprites/Characters/spr character.png
  artifactKey: Guid(af309ace3464dbf429c7ec715aeaf2eb) Importer(815301076,1909f56bfc062723c751e8b465ee728b)
Start importing Assets/Sprites/Characters/spr character.png using Guid(af309ace3464dbf429c7ec715aeaf2eb) Importer(815301076,1909f56bfc062723c751e8b465ee728b)  -> (artifact id: '8737b55a5e1e5ebfe826bbebb654fb24') in 0.020882 seconds
  Import took 0.023650 seconds .

========================================================================
Received Import Request.
  Time since last request: 0.000751 seconds.
  path: Assets/Sprites/Characters/spr character.png
  artifactKey: Guid(af309ace3464dbf429c7ec715aeaf2eb) Importer(815301076,1909f56bfc062723c751e8b465ee728b)
Start importing Assets/Sprites/Characters/spr character.png using Guid(af309ace3464dbf429c7ec715aeaf2eb) Importer(815301076,1909f56bfc062723c751e8b465ee728b)  -> (artifact id: '8737b55a5e1e5ebfe826bbebb654fb24') in 0.021689 seconds
  Import took 0.025045 seconds .

========================================================================
Received Import Request.
  Time since last request: 242.151301 seconds.
  path: Assets/Sprites/Characters/spr character.png
  artifactKey: Guid(af309ace3464dbf429c7ec715aeaf2eb) Importer(815301076,1909f56bfc062723c751e8b465ee728b)
Start importing Assets/Sprites/Characters/spr character.png using Guid(af309ace3464dbf429c7ec715aeaf2eb) Importer(815301076,1909f56bfc062723c751e8b465ee728b)  -> (artifact id: '48879482a85bd14814cf44f10c1737a8') in 0.052660 seconds
  Import took 0.055897 seconds .

========================================================================
Received Import Request.
  Time since last request: 2.769257 seconds.
  path: Assets/Sprites/Armors/spr armor.png
  artifactKey: Guid(e933cd65ad911264e9f38e925840bd60) Importer(815301076,1909f56bfc062723c751e8b465ee728b)
Start importing Assets/Sprites/Armors/spr armor.png using Guid(e933cd65ad911264e9f38e925840bd60) Importer(815301076,1909f56bfc062723c751e8b465ee728b)  -> (artifact id: 'b5b7f48a54678c36cc6971e180b0f0bb') in 0.036523 seconds
  Import took 0.040128 seconds .

========================================================================
Received Import Request.
  Time since last request: 4.662509 seconds.
  path: Assets/Sprites/Armors/spr armor.png
  artifactKey: Guid(e933cd65ad911264e9f38e925840bd60) Importer(815301076,1909f56bfc062723c751e8b465ee728b)
Start importing Assets/Sprites/Armors/spr armor.png using Guid(e933cd65ad911264e9f38e925840bd60) Importer(815301076,1909f56bfc062723c751e8b465ee728b)  -> (artifact id: '2fb787cb908fa1c144de045a4a91446c') in 0.025358 seconds
  Import took 0.029374 seconds .

========================================================================
Received Import Request.
  Time since last request: 61.866008 seconds.
  path: Assets/Sprites/Armors/spr armor.png
  artifactKey: Guid(e933cd65ad911264e9f38e925840bd60) Importer(815301076,1909f56bfc062723c751e8b465ee728b)
Start importing Assets/Sprites/Armors/spr armor.png using Guid(e933cd65ad911264e9f38e925840bd60) Importer(815301076,1909f56bfc062723c751e8b465ee728b)  -> (artifact id: '9b1688e9f2219fcbddf95122c1a0c93f') in 0.047166 seconds
  Import took 0.050562 seconds .

========================================================================
Received Import Request.
  Time since last request: 6.257861 seconds.
  path: Assets/Sprites/Weapons/spr weapon.png
  artifactKey: Guid(7b8208ab7e950d8438a963c1ffd51921) Importer(815301076,1909f56bfc062723c751e8b465ee728b)
Start importing Assets/Sprites/Weapons/spr weapon.png using Guid(7b8208ab7e950d8438a963c1ffd51921) Importer(815301076,1909f56bfc062723c751e8b465ee728b)  -> (artifact id: '300801e95fba5e0e643072c0f89358d0') in 0.026027 seconds
  Import took 0.029563 seconds .

========================================================================
Received Import Request.
  Time since last request: 6.739937 seconds.
  path: Assets/Sprites/Weapons/spr weapon.png
  artifactKey: Guid(7b8208ab7e950d8438a963c1ffd51921) Importer(815301076,1909f56bfc062723c751e8b465ee728b)
Start importing Assets/Sprites/Weapons/spr weapon.png using Guid(7b8208ab7e950d8438a963c1ffd51921) Importer(815301076,1909f56bfc062723c751e8b465ee728b)  -> (artifact id: 'c8ee696fc321a5c9c471b3843d3b6997') in 0.023828 seconds
  Import took 0.029047 seconds .

========================================================================
Received Import Request.
  Time since last request: 20.826872 seconds.
  path: Assets/Sprites/Weapons/spr weapon.png
  artifactKey: Guid(7b8208ab7e950d8438a963c1ffd51921) Importer(815301076,1909f56bfc062723c751e8b465ee728b)
Start importing Assets/Sprites/Weapons/spr weapon.png using Guid(7b8208ab7e950d8438a963c1ffd51921) Importer(815301076,1909f56bfc062723c751e8b465ee728b)  -> (artifact id: '03273b2bd591a38ad42e706acb3dad05') in 0.031960 seconds
  Import took 0.035657 seconds .

========================================================================
Received Import Request.
  Time since last request: 223.691319 seconds.
  path: Assets/Sprites/Armors/spr armor.png
  artifactKey: Guid(e933cd65ad911264e9f38e925840bd60) Importer(815301076,1909f56bfc062723c751e8b465ee728b)
Start importing Assets/Sprites/Armors/spr armor.png using Guid(e933cd65ad911264e9f38e925840bd60) Importer(815301076,1909f56bfc062723c751e8b465ee728b)  -> (artifact id: '902f98b986cbee338547825152cf9fb4') in 0.049215 seconds
  Import took 0.052514 seconds .

========================================================================
Received Import Request.
  Time since last request: 143.283060 seconds.
  path: ProjectSettings/TagManager.asset
  artifactKey: Guid(00000000000000003000000000000000) Importer(815301076,1909f56bfc062723c751e8b465ee728b)
Start importing ProjectSettings/TagManager.asset using Guid(00000000000000003000000000000000) Importer(815301076,1909f56bfc062723c751e8b465ee728b)  -> (artifact id: '805fad2e57c96fa8957d9465ea477d84') in 0.009947 seconds
  Import took 0.013500 seconds .

AssetImportWorkerClient::OnTransportError - code=2 error=End of file
